[2025-05-04T11:41:31.835523040] Raporteaza: neomihnea, 
Postarea: I bet you never heard old marshal Dillon say, 
Motiv: Arda zi

[2025-05-05T00:36:10.216278263] Raporteaza: neomihnea, 
Postarea: I bet you never heard old marshal Dillon say, 
Motiv: Arda zi

[2025-05-05T01:26:35.074685955] Raporteaza: alice, 
Postarea: This is Bernardo and I'm here to rock, 
Motiv: Testing reasons

[2025-05-05T01:28:21.858136386] Raporteaza: alice, 
Postarea: This is Bernardo and I'm here to rock, 
Motiv: Testing reasons

[2025-05-05T01:31:02.675515422] Raporteaza: alice, 
Postarea: This is Bernardo and I'm here to rock, 
Motiv: Testing reasons

[2025-05-05T01:33:05.785660404] Raporteaza: alice, 
Postarea: This is Bernardo and I'm here to rock, 
Motiv: Testing reasons

[2025-05-08T18:07:34.974193198] Raporteaza: alice, 
Postarea: This is Bernardo and I'm here to rock, 
Motiv: Testing reasons

[2025-05-23T16:23:10.354063052] Raporteaza: alice, 
Postarea: This is Bernardo and I'm here to rock, 
Motiv: Testing reasons

[2025-05-23T16:32:59.623873227] Raporteaza: alice, 
Postarea: This is Bernardo and I'm here to rock, 
Motiv: Testing reasons

[2025-05-23T16:33:31.854909767] Raporteaza: alice, 
Postarea: This is Bernardo and I'm here to rock, 
Motiv: Testing reasons

[2025-05-23T21:48:11.452670326] Raporteaza: alice, 
Postarea: This is Bernardo and I'm here to rock, 
Motiv: Testing reasons

[2025-05-23T21:48:53.871983057] Raporteaza: alice, 
Postarea: This is Bernardo and I'm here to rock, 
Motiv: Testing reasons

[2025-05-23T21:49:08.319585708] Raporteaza: alice, 
Postarea: This is Bernardo and I'm here to rock, 
Motiv: Testing reasons

[2025-05-23T21:58:30.905856374] Raporteaza: alice, 
Postarea: This is Bernardo and I'm here to rock, 
Motiv: Testing reasons

[2025-05-23T21:59:32.166926993] Raporteaza: alice, 
Postarea: This is Bernardo and I'm here to rock, 
Motiv: Testing reasons

[2025-05-23T21:59:37.760048850] Raporteaza: alice, 
Postarea: This is Bernardo and I'm here to rock, 
Motiv: Testing reasons

[2025-05-23T22:11:59.985813430] Raporteaza: alice, 
Postarea: This is Bernardo and I'm here to rock, 
Motiv: Testing reasons

[2025-05-23T22:13:29.430108559] Raporteaza: alice, 
Postarea: This is Bernardo and I'm here to rock, 
Motiv: Testing reasons

[2025-05-23T22:17:00.790042103] Raporteaza: alice, 
Postarea: This is Bernardo and I'm here to rock, 
Motiv: Testing reasons

[2025-05-23T22:18:00.558386713] Raporteaza: alice, 
Postarea: This is Bernardo and I'm here to rock, 
Motiv: Testing reasons

[2025-05-23T22:19:38.865502040] Raporteaza: alice, 
Postarea: This is Bernardo and I'm here to rock, 
Motiv: Testing reasons

[2025-05-23T22:40:56.590535031] Raporteaza: alice, 
Postarea: This is Bernardo and I'm here to rock, 
Motiv: Testing reasons

[2025-05-23T22:42:20.463027888] Raporteaza: alice, 
Postarea: This is Bernardo and I'm here to rock, 
Motiv: Testing reasons

[2025-05-23T22:44:43.603396896] Raporteaza: alice, 
Postarea: This is Bernardo and I'm here to rock, 
Motiv: Testing reasons

[2025-05-24T00:42:13.611087994] Raporteaza: alice, 
Postarea: This is Bernardo and I'm here to rock, 
Motiv: Testing reasons

[2025-05-24T00:43:42.636760284] Raporteaza: alice, 
Postarea: This is Bernardo and I'm here to rock, 
Motiv: Testing reasons

[2025-05-24T00:47:38.611673505] Raporteaza: alice, 
Postarea: This is Bernardo and I'm here to rock, 
Motiv: Testing reasons

[2025-05-24T01:01:51.334937651] Raporteaza: alice, 
Postarea: This is Bernardo and I'm here to rock, 
Motiv: Testing reasons

[2025-05-24T01:10:33.735496513] Raporteaza: alice, 
Postarea: This is Bernardo and I'm here to rock, 
Motiv: Testing reasons

[2025-05-24T01:11:25.592599036] Raporteaza: alice, 
Postarea: This is Bernardo and I'm here to rock, 
Motiv: Testing reasons

[2025-05-24T01:19:13.781587315] Raporteaza: alice, 
Postarea: This is Bernardo and I'm here to rock, 
Motiv: Testing reasons

[2025-05-24T01:22:06.305789707] Raporteaza: alice, 
Postarea: This is Bernardo and I'm here to rock, 
Motiv: Testing reasons

[2025-05-24T01:22:39.765566057] Raporteaza: alice, 
Postarea: This is Bernardo and I'm here to rock, 
Motiv: Testing reasons

[2025-05-24T01:26:32.252674316] Raporteaza: alice, 
Postarea: This is Bernardo and I'm here to rock, 
Motiv: Testing reasons

[2025-05-24T01:33:31.887064299] Raporteaza: alice, 
Postarea: This is Bernardo and I'm here to rock, 
Motiv: Testing reasons

[2025-05-24T13:34:34.601313604] Raporteaza: alice, 
Postarea: This is Bernardo and I'm here to rock, 
Motiv: Testing reasons

[2025-05-25T15:32:57.751675966] Raporteaza: alice, 
Postarea: This is Bernardo and I'm here to rock, 
Motiv: Testing reasons

[2025-05-25T17:56:28.060325104] Raporteaza: alice, 
Postarea: This is Bernardo and I'm here to rock, 
Motiv: Testing reasons

[2025-05-25T19:15:24.861612108] Raporteaza: alice, 
Postarea: This is Bernardo and I'm here to rock, 
Motiv: Testing reasons

[2025-05-25T19:16:55.681922327] Raporteaza: alice, 
Postarea: This is Bernardo and I'm here to rock, 
Motiv: Testing reasons

[2025-05-25T19:30:53.808568387] Raporteaza: alice, 
Postarea: This is Bernardo and I'm here to rock, 
Motiv: Testing reasons

[2025-05-25T19:32:53.623358711] Raporteaza: alice, 
Postarea: This is Bernardo and I'm here to rock, 
Motiv: Testing reasons

[2025-05-25T19:39:33.024531274] Raporteaza: alice, 
Postarea: This is Bernardo and I'm here to rock, 
Motiv: Testing reasons

[2025-05-25T20:03:27.594152908] Raporteaza: alice, 
Postarea: This is Bernardo and I'm here to rock, 
Motiv: Testing reasons

[2025-05-25T20:04:14.968548894] Raporteaza: alice, 
Postarea: This is Bernardo and I'm here to rock, 
Motiv: Testing reasons

[2025-05-25T20:04:37.449765183] Raporteaza: alice, 
Postarea: This is Bernardo and I'm here to rock, 
Motiv: Testing reasons

[2025-05-26T00:17:49.173230407] Raporteaza: alice, 
Postarea: This is Bernardo and I'm here to rock, 
Motiv: Testing reasons

[2025-05-26T01:07:03.419644948] Raporteaza: alice, 
Postarea: This is Bernardo and I'm here to rock, 
Motiv: Testing reasons

[2025-05-26T01:09:55.505670056] Raporteaza: alice, 
Postarea: This is Bernardo and I'm here to rock, 
Motiv: Testing reasons

[2025-05-26T01:10:54.402386178] Raporteaza: alice, 
Postarea: This is Bernardo and I'm here to rock, 
Motiv: Testing reasons

[2025-05-26T01:14:47.228967720] Raporteaza: alice, 
Postarea: This is Bernardo and I'm here to rock, 
Motiv: Testing reasons

[2025-05-26T01:35:45.949685251] Raporteaza: alice, 
Postarea: This is Bernardo and I'm here to rock, 
Motiv: Testing reasons

[2025-05-26T01:46:48.000229680] Raporteaza: alice, 
Postarea: This is Bernardo and I'm here to rock, 
Motiv: Testing reasons

[2025-05-26T14:01:31.848869206] Raporteaza: alice, 
Postarea: This is Bernardo and I'm here to rock, 
Motiv: Testing reasons

[2025-05-26T14:02:18.846041292] Raporteaza: alice, 
Postarea: This is Bernardo and I'm here to rock, 
Motiv: Testing reasons

[2025-05-26T14:09:07.349593253] Raporteaza: alice, 
Postarea: This is Bernardo and I'm here to rock, 
Motiv: Testing reasons

[2025-05-26T14:09:47.871353330] Raporteaza: alice, 
Postarea: This is Bernardo and I'm here to rock, 
Motiv: Testing reasons

[2025-05-26T14:13:23.379022391] Raporteaza: alice, 
Postarea: This is Bernardo and I'm here to rock, 
Motiv: Testing reasons

[2025-05-26T14:36:49.418826777] Raporteaza: alice, 
Postarea: This is Bernardo and I'm here to rock, 
Motiv: Testing reasons

